<?xml version="1.0" encoding="UTF-8"?>
<testng-results ignored="0" total="1" passed="1" failed="0" skipped="0">
  <reporter-output>
    <line>
      <![CDATA[Launching the browser using the URL:=https://www.demoblaze.com/index.html]]>
    </line>
    <line>
      <![CDATA[Setting the text of the element:=By.id: loginusername with data:=bharathedu1]]>
    </line>
    <line>
      <![CDATA[Setting the text of the element:=By.id: loginpassword with data:=123456]]>
    </line>
    <line>
      <![CDATA[Clicking on the element with locator:=By.xpath: //button[text()='Log in']]]>
    </line>
  </reporter-output>
  <suite started-at="2024-07-27T08:41:41 IST" name="Suite" finished-at="2024-07-27T08:41:53 IST" duration-ms="11604">
    <groups>
      <group name="cucumber">
        <method signature="AbstractTestNGCucumberTests.runScenario(io.cucumber.testng.PickleWrapper,io.cucumber.testng.FeatureWrapper)[pri:0, instance:runner.LoginTestRunner@49b0b76]" name="runScenario" class="io.cucumber.testng.AbstractTestNGCucumberTests"/>
      </group> <!-- cucumber -->
    </groups>
    <test started-at="2024-07-27T08:41:41 IST" name="Test" finished-at="2024-07-27T08:41:53 IST" duration-ms="11604">
      <class name="runner.LoginTestRunner">
        <test-method is-config="true" signature="setUpClass(org.testng.ITestContext)[pri:0, instance:runner.LoginTestRunner@49b0b76]" started-at="2024-07-27T08:41:41 IST" name="setUpClass" finished-at="2024-07-27T08:41:42 IST" duration-ms="694" status="PASS">
          <params>
            <param index="0">
              <value>
                <![CDATA[org.testng.TestRunner@33db72bd]]>
              </value>
            </param>
          </params>
          <reporter-output>
          </reporter-output>
        </test-method> <!-- setUpClass -->
        <test-method signature="runScenario(io.cucumber.testng.PickleWrapper,io.cucumber.testng.FeatureWrapper)[pri:0, instance:runner.LoginTestRunner@49b0b76]" started-at="2024-07-27T08:41:42 IST" name="runScenario" description="Runs Cucumber Scenarios" data-provider="scenarios" finished-at="2024-07-27T08:41:53 IST" duration-ms="10786" status="PASS">
          <params>
            <param index="0">
              <value>
                <![CDATA["Test valid login functionality"]]>
              </value>
            </param>
            <param index="1">
              <value>
                <![CDATA["Login feature of DemoBlaze Application"]]>
              </value>
            </param>
          </params>
          <reporter-output>
            <line>
              <![CDATA[Launching the browser using the URL:=https://www.demoblaze.com/index.html]]>
            </line>
            <line>
              <![CDATA[Setting the text of the element:=By.id: loginusername with data:=bharathedu1]]>
            </line>
            <line>
              <![CDATA[Setting the text of the element:=By.id: loginpassword with data:=123456]]>
            </line>
            <line>
              <![CDATA[Clicking on the element with locator:=By.xpath: //button[text()='Log in']]]>
            </line>
          </reporter-output>
        </test-method> <!-- runScenario -->
        <test-method is-config="true" signature="tearDownClass()[pri:0, instance:runner.LoginTestRunner@49b0b76]" started-at="2024-07-27T08:41:53 IST" name="tearDownClass" finished-at="2024-07-27T08:41:53 IST" duration-ms="62" status="PASS">
          <reporter-output>
          </reporter-output>
        </test-method> <!-- tearDownClass -->
      </class> <!-- runner.LoginTestRunner -->
    </test> <!-- Test -->
  </suite> <!-- Suite -->
</testng-results>
