<?xml version="1.0" encoding="UTF-8"?>
<testng-results ignored="0" total="2" passed="2" failed="0" skipped="0">
  <reporter-output>
  </reporter-output>
  <suite started-at="2024-07-27T08:54:11 IST" name="Default suite" finished-at="2024-07-27T08:54:11 IST" duration-ms="168">
    <groups>
    </groups>
    <test started-at="2024-07-27T08:54:11 IST" name="Default test" finished-at="2024-07-27T08:54:11 IST" duration-ms="168">
      <class name="runner.TestFiles">
        <test-method signature="t1()[pri:0, instance:runner.TestFiles@4218d6a3]" started-at="2024-07-27T08:54:11 IST" name="t1" finished-at="2024-07-27T08:54:11 IST" duration-ms="22" status="PASS">
          <reporter-output>
          </reporter-output>
        </test-method> <!-- t1 -->
        <test-method signature="t2()[pri:0, instance:runner.TestFiles@4218d6a3]" started-at="2024-07-27T08:54:11 IST" name="t2" finished-at="2024-07-27T08:54:11 IST" duration-ms="6" status="PASS">
          <reporter-output>
          </reporter-output>
        </test-method> <!-- t2 -->
        <test-method is-config="true" signature="t3()[pri:0, instance:runner.TestFiles@4218d6a3]" started-at="2024-07-27T08:54:11 IST" name="t3" finished-at="2024-07-27T08:54:11 IST" duration-ms="9" status="PASS">
          <reporter-output>
          </reporter-output>
        </test-method> <!-- t3 -->
      </class> <!-- runner.TestFiles -->
    </test> <!-- Default test -->
  </suite> <!-- Default suite -->
</testng-results>
